Build started 07.05.2020 23:36:00.
     1>Project "C:\Users\Mari\Documents\Visual Studio 2010\Projects\SAOD\Sorting\Sorting\Sorting.vcxproj" on node 2 (build target(s)).
     1>InitializeBuildStatus:
         Touching "Debug\Sorting.unsuccessfulbuild".
       ClCompile:
         All outputs are up-to-date.
         c:\Program Files (x86)\Microsoft Visual Studio 10.0\VC\bin\CL.exe /c /ZI /nologo /W3 /WX- /Od /Oy- /D WIN32 /D _DEBUG /D _CONSOLE /D _UNICODE /D UNICODE /Gm /EHsc /RTC1 /MDd /GS /fp:precise /Zc:wchar_t /Zc:forScope /Yu"StdAfx.h" /Fp"Debug\Sorting.pch" /Fo"Debug\\" /Fd"Debug\vc100.pdb" /Gd /TP /analyze- /errorReport:prompt Sorting.cpp
         Sorting.cpp
       ManifestResourceCompile:
         All outputs are up-to-date.
       Link:
         c:\Program Files (x86)\Microsoft Visual Studio 10.0\VC\bin\link.exe /ERRORREPORT:PROMPT /OUT:"C:\Users\Mari\Documents\Visual Studio 2010\Projects\SAOD\Sorting\Debug\Sorting.exe" /INCREMENTAL /NOLOGO kernel32.lib user32.lib gdi32.lib winspool.lib comdlg32.lib advapi32.lib shell32.lib ole32.lib oleaut32.lib uuid.lib odbc32.lib odbccp32.lib /MANIFEST /ManifestFile:"Debug\Sorting.exe.intermediate.manifest" /MANIFESTUAC:"level='asInvoker' uiAccess='false'" /DEBUG /PDB:"C:\Users\Mari\Documents\Visual Studio 2010\Projects\SAOD\Sorting\Debug\Sorting.pdb" /SUBSYSTEM:CONSOLE /TLBID:1 /DYNAMICBASE /NXCOMPAT /IMPLIB:"C:\Users\Mari\Documents\Visual Studio 2010\Projects\SAOD\Sorting\Debug\Sorting.lib" /MACHINE:X86 Debug\Sorting.exe.embed.manifest.res
         Debug\Sorting.obj
         Debug\stdafx.obj
       Manifest:
         C:\Program Files (x86)\Microsoft SDKs\Windows\v7.0A\bin\mt.exe /nologo /verbose /out:"Debug\Sorting.exe.embed.manifest" /manifest Debug\Sorting.exe.intermediate.manifest
         All outputs are up-to-date.
       LinkEmbedManifest:
         All outputs are up-to-date.
         Sorting.vcxproj -> C:\Users\Mari\Documents\Visual Studio 2010\Projects\SAOD\Sorting\Debug\Sorting.exe
       FinalizeBuildStatus:
         Deleting file "Debug\Sorting.unsuccessfulbuild".
         Touching "Debug\Sorting.lastbuildstate".
     1>Done Building Project "C:\Users\Mari\Documents\Visual Studio 2010\Projects\SAOD\Sorting\Sorting\Sorting.vcxproj" (build target(s)).

Build succeeded.

Time Elapsed 00:00:02.43
